INFO: [SIM 2] *************** CSIM start ***************
INFO: [SIM 4] CSIM will launch GCC as the compiler.
   Compiling ../../../source/tb_DWT.cpp in debug mode
   Generating csim.exe
read sessions complete: 
data: 
-1755 -1806 -1767 -1779 -1844 -1877 -1861 -1719 -1622 -1720 -1734 -1746 -1859 -2015 -1929 -1745 
-1579 -1404 -1283 -1014 -855 -736 -673 -487 -591 -755 -662 -651 -596 -453 -131 48 
421 524 524 768 666 440 463 481 318 578 790 1106 1458 1573 1701 1740 
1852 1766 1695 1560 1630 1830 1721 1891 2294 2468 2517 2601 2503 2326 2036 1780 
1774 1696 1697 1690 1776 2165 2312 2373 2449 2592 2722 2619 2452 2522 2797 2707 
2552 2374 2450 2584 2552 2707 2573 2501 2379 2276 2115 1900 2083 2033 1843 1652 
1751 1919 1909 2016 2088 2237 1894 1438 1225 911 837 616 644 1023 1044 1123 
1427 1651 1166 180 -1015 -2526 -3921 -5344 -6329 -6585 -6505 -6094 -5764 -4940 -3853 -3187 
-2481 -2192 -2050 -2154 -2604 -2748 -2590 -2237 -2303 -2353 -1965 -1830 -1749 -1762 -1860 -1984 
-2834 -3597 -4103 -4544 -4521 -4549 -4277 -3579 -2888 -2296 -1669 -946 -252 19 -63 -70 
-134 -278 -603 -793 -975 -1064 -1065 -1247 -1101 -968 -1086 -1307 -1373 -1343 -1383 -1400 
-1377 -1301 -1251 -1260 -923 -402 -67 473 1004 1566 1900 2037 2244 2145 1968 1675 
1345 1126 974 1059 1254 1396 1508 1716 1995 2083 2081 2052 1930 1781 1701 1718 
1833 2062 2266 2481 2576 2616 2801 2946 2953 2827 2746 2627 2573 2606 2475 2325 
2187 2223 2234 2275 2538 2611 2780 3032 3073 3059 3225 3303 3148 3200 3050 3032 
3261 3282 3371 3375 3145 2885 2575 2322 2412 2311 2185 2264 2360 2616 2605 2476 
2352 1862 1466 1052 739 677 189 -161 -437 -669 -945 -1495 -2081 -2827 -3615 -4727 
-5342 -5306 -5081 -5004 -5056 -4552 -3907 -3286 -2795 -2245 -1900 -1940 -2186 -2500 -2319 -2072 
-2213 -2420 -2494 -2597 -2743 -2971 -2855 -2809 -3053 -3573 -4082 -3953 -3954 -3589 -3293 -3072 
-2699 -2478 -2020 -1628 -1126 -746 -629 -905 -935 -988 -1232 -1352 -1709 -1977 -2367 -2612 
-2659 -2566 -2339 -2128 -2124 -2087 -1999 -1822 -1397 -1352 -1139 -843 -732 -389 -68 186 
687 1071 960 699 436 301 190 -90 -65 -30 -155 -159 -47 294 516 874 
911 786 857 776 773 721 796 823 736 710 895 1239 1567 1742 1849 2140 
2149 2140 2363 2424 2500 2679 2637 2567 2789 2819 2876 2936 2991 3157 3065 2982 
2982 3232 3100 3034 3209 3145 3293 3154 3081 3245 3561 3674 3541 3616 3608 3792 
3829 3616 3586 3658 3607 3407 3226 2993 2804 2442 2069 1895 1685 1604 1330 813 
219 -171 -573 -1123 -1648 -2649 -3459 -4409 -5015 -4872 -4755 -4130 -3930 -3759 -3272 -2764 
-2127 -1837 -1535 -1887 -2455 -2697 -2997 -2819 -2681 -2849 -3072 -3268 -3164 -3177 -3025 -3018 
-3465 -3741 -4256 -4324 -4018 -3895 -3551 -3244 -2804 -2388 -1930 -1315 -828 -597 -783 -913 
-988 -1080 -1230 -1430 -1656 -2050 -2200 -2358 -2353 -2247 -2246 -2197 -2377 -2377 -2307 -2299 
-2188 -2111 -1807 -1280 -680 2 458 715 852 822 823 722 560 380 349 127 
-219 -24 65 208 176 10 24 -182 -116 -199 -328 -234 -142 4 227 759 
1482 1986 2354 2739 2789 2846 2873 2751 2731 2659 2372 2008 2022 2109 2174 2352 
2446 2593 2747 2783 2842 3006 3190 3219 3060 3179 3282 3268 3473 3496 3701 3814 
3597 3667 3783 3931 3851 3488 3356 3367 3509 3644 3725 3895 3948 3835 3678 3505 
3460 3345 3042 2704 2554 2655 2562 2316 2215 1977 1453 793 -155 -857 -1587 -2666 
-3552 -4201 -4377 -4282 -4103 -3746 -3178 -2763 -2562 -2163 -1937 -1735 -1671 -1924 -2241 -2545 
-2354 -2372 -2396 -2411 -2564 -2480 -2875 -2997 -3138 -3483 -3651 -4121 -4412 -4494 -4623 -4419 
-4019 -3798 -3448 -2987 -2355 -1836 -1605 -1347 -1292 -1261 -1165 -1244 -1366 -1605 -1854 -1996 
-2443 -2646 -2603 -2622 -2492 -2533 -2483 -2429 -2541 -2593 -2499 -2337 -2282 -1994 -1622 -1312 
-842 -375 51 444 669 558 524 564 336 145 -121 -179 -240 -485 -263 -141 
-70 118 93 -40 -53 143 238 519 779 1021 1323 1516 2053 2350 2403 2524 
2485 2498 2394 2268 2233 2155 2059 1926 2016 2249 2455 2563 2547 2611 2780 2955 
2997 3066 3154 3211 3203 3199 3432 3762 3930 3886 3942 3934 3814 3658 3486 3522 
3246 2849 2914 2908 3136 3505 3410 3455 3471 3385 3425 3395 3367 3300 3035 2812 
2948 3015 2998 2730 2003 1239 273 -651 -1338 -2110 -3211 -4220 -4868 -5190 -4806 -4344 
-4000 -3755 -3526 -3120 -2718 -2000 -1467 -1397 -1690 -2241 -2414 -2219 -2080 -2128 -2372 -2839 
-3248 -3463 -3562 -3555 -3815 -4288 -4710 -5097 -5138 -4702 -4181 -3713 -3373 -3104 -2529 -1941 
-1411 -1002 -873 -627 -550 -843 -1008 -1156 -1475 -1866 -2518 -2788 -2723 -2732 -2510 -2515 
-2489 -2284 -2152 -2126 -2158 -2157 -2276 -2071 -1858 -1885 -1710 -1353 -935 -528 -215 160 
526 516 341 104 55 -100 -324 -354 -639 -599 -540 -344 225 333 470 700 
864 1013 990 1123 1267 1273 1261 1247 1497 1639 1737 2044 2002 2073 2328 2391 
2622 2783 2871 2945 2740 2644 2745 2818 2741 2691 2801 3058 3197 3131 3297 3381 
3402 3454 3454 3620 3819 3820 3605 3659 3731 3570 3464 3193 3004 3094 3074 3187 
3723 4027 3972 3865 3798 3815 3744 3583 3377 3254 3133 3070 3229 3434 3490 3286 
2782 1742 637 -80 -803 -1846 -3116 -4162 -4956 -5393 -5167 -4668 -3996 -3466 -3106 -2494 
-2185 -1771 -1287 -1353 -1634 -2159 -2715 -2803 -2732 -2847 -2923 -3250 -3597 -3790 -3978 -3987 
-4081 -4448 -4853 -4956 -4904 -4807 -4562 -4221 -3929 -3654 -3271 -2503 -1831 -1484 -1084 -1009 
-910 -1036 -1328 -1489 -1744 -1960 -2565 -2976 -3004 -2846 -2490 -2304 -2127 -1592 -1391 -1843 
-2009 -2127 -2180 -2087 -2196 -2243 -1996 -1533 -979 -297 246 695 1041 1219 1126 777 
547 283 -13 -304 -659 -609 -174 -15 228 694 803 802 927 999 1222 1398 
1323 1470 1420 1412 1739 2017 2321 2463 2612 2714 2748 2862 3066 3165 3003 2834 
2555 2420 2428 2364 2459 2644 2820 3129 3330 3332 3358 3353 3445 3228 2843 2693 
2582 2828 2900 2754 3131 3254 3070 2950 2610 2631 2926 3206 3533 3785 3998 4005 
read sessions test pass: 
output sessions test: 

1240.97 45.9619 -68.5894 79.903 -117.38 -112.43 73.539 -38.8908 -263.751 72.1248 115.258 -248.901 -79.1959 -49.4974 -284.964 69.2964 4.24268 -60.811 -53.7401 118.087 109.601 22.6273 86.2668 -129.4 -70.0034 -50.9116 150.614 -19.799 -214.96 844.992 696.5 -233.345 -499.217 318.198 46.6689 -57.2756 601.04 -16.2634 -488.61 -490.732 45.2548 128.693 -103.237 46.6689 -16.2634 -238.295 -375.473 -146.371 233.345 -137.886 -197.283 86.2668 -81.3171 -67.175 -4.94971 38.1838 97.5807 -185.969 -28.9915 109.601 -161.927 162.634 -63.6395 -67.8822 87.6812 221.324 195.161 414.364 434.87 36.7695 -347.189 173.948 99.7019 103.238 172.534 0.707275 -263.75 -354.967 21.2132 252.437 33.234 -2.82837 -300.52 -78.4888 -354.26 185.969 -17.6776 -79.1959 -26.163 2.12128 61.5182 -231.931 -6.36401 -53.7401 -156.978 -38.8909 0 -123.743 51.6189 94.0452 -26.1628 36.0625 133.643 148.492 420.021 371.231 428.506 -141.421 -450.427 401.636 -97.5806 -73.5391 316.076 -216.375 -311.127 -344.361 53.033 159.806 -3.53552 127.279 -78.4888 -424.264 -96.8735 114.551 244.659 22.6274 -46.669 -65.0537 -511.238 -35.3553 14.1421 -9.89941 -66.468 -41.7192 112.43 -144.957 153.442 56.5684 -100.409 -37.4768 31.8198 106.066 71.4177 670.336 626.496 -126.572 -142.128 -45.2548 -135.057 108.187 99.7019 205.768 -282.843 -446.891 -38.8909 86.267 316.076 -91.9237 79.1959 -38.8909 -332.34 -159.099 161.22 43.1335 -50.2045 9.19238 -183.848 -379.716 27.577 24.7488 -63.6395 11.3136 -29.6985 5.65674 -118.794 84.8525 195.161 -161.22 -11.3137 19.7988 -96.1665 514.066 485.782 458.205 -243.244 -284.257 207.182 -98.2877 289.206 183.848 28.9915 -240.416 -374.766 -54.4472 225.567 -45.9619 -18.3848 22.6273 -150.614 -295.57 -258.801 34.6482 201.525 -402.343 -115.965 -101.823 -176.777 29.6985 -163.341 144.957 54.4471 -98.2878 -14.8494 -140.714 -50.9116 133.643 -379.009 47.376 145.664 -112.43 356.381 511.238 561.442 -475.175 -218.496 198.697 -50.2045 245.366 66.4678 -36.7695 -206.475 -475.175 -70.0035 180.312 19.7991 -125.158 117.38 77.0746 -391.737 -244.659 162.634 251.023 -171.827 -88.3882 53.033 -231.224 -105.359 -144.25 197.283 -67.1752 -142.128 -65.0537 78.4888 -266.579 240.416 -231.224 2831.96 0 0 0 0 0 0 0 0 0 0 0 0 0 0 0 0 0 0 0 0 0 0 0 0 0 0 0 0 0 0 0 0 0 0 0 0 0 0 0 0 0 0 0 0 0 0 0 0 0 0 0 0 0 0 0 0 0 0 0 0 0 0 0 0 0 0 0 0 0 0 0 0 0 0 0 0 0 0 0 0 0 0 0 0 0 0 0 0 0 0 0 0 0 0 0 0 0 0 0 0 0 0 0 0 0 0 0 0 0 0 0 0 0 0 0 0 0 0 0 0 0 0 0 0 0 0 0 0 0 0 0 0 0 0 0 0 0 0 0 0 0 0 0 0 0 0 0 0 0 0 0 0 0 0 0 0 0 0 0 0 0 0 0 0 0 0 0 0 0 0 0 0 0 0 0 0 0 0 0 0 0 0 0 0 0 0 0 0 0 0 0 0 0 0 0 0 0 0 0 0 0 0 0 0 0 0 0 0 0 0 0 0 0 0 0 0 0 0 0 0 0 0 0 0 0 0 0 0 0 0 0 0 0 0 0 0 0 0 0 0 0 0 0 0 0 0 0 0 0 0 0 0 0 0 0 
-599.343 -3465.54 -577.272 2738.73 4604.15 5242.6 3821.58 1662.66 -10723.4 -4046.55 -973.764 -2743.96 3997.44 3944.58 5088.91 6492.08 4537.6 -5812.51 -3947.15 -7088.31 -3650.3 -754.593 359.312 3229.83 5940.91 7287.26 2724.02 -7677.92 -6492.94 -2112.02 -4702.16 1154.6 460.539 4385.33 6998.7 7395.47 -1509.11 -3764.4 -8446.06 -2989.21 -3787.52 -279.101 4035.92 5268.15 7526.51 6511.5 -8973.47 -4576.69 -6283.92 -5277.98 -1349.8 291.793 4321.41 6377.16 6515.92 6200.05 -8087.06 -7409.24 -3608.41 -4588.39 1472.79 2073.83 5862.84 6404.87 5696.6 0 0 0 0 0 0 0 0 0 0 0 0 0 0 0 0 0 0 0 0 0 0 0 0 0 0 0 0 0 0 0 0 0 0 0 0 0 0 0 0 0 0 0 0 0 0 0 0 0 0 0 0 0 0 0 0 0 0 0 0 0 0 0 0 0 0 0 0 0 0 0 0 0 0 0 0 0 0 0 0 0 0 0 0 0 0 0 0 0 0 0 0 0 0 0 0 0 0 0 0 0 0 0 0 0 0 0 0 0 0 0 0 0 0 0 0 0 0 0 0 0 0 0 0 0 0 0 0 0 0 0 0 0 0 0 0 0 0 0 0 0 0 0 0 0 0 0 0 0 0 0 0 0 0 0 0 0 0 0 0 0 0 0 0 0 0 0 0 0 0 0 0 0 0 0 0 0 0 0 0 0 0 0 0 0 0 0 0 0 0 0 0 0 0 0 0 0 0 0 0 0 0 0 0 0 0 0 0 0 0 0 0 0 0 0 0 0 0 0 0 0 0 0 0 0 0 0 0 0 0 0 0 0 0 0 0 0 0 0 0 0 0 0 0 0 0 0 0 0 0 0 0 0 0 0 0 0 0 0 0 0 0 0 0 0 0 0 0 0 0 0 0 0 0 0 0 0 0 0 0 0 0 0 0 0 0 0 0 0 0 0 0 0 0 0 0 0 0 0 0 0 0 0 0 0 0 0 0 0 0 0 0 0 0 0 0 0 0 0 0 0 0 0 0 0 0 0 0 0 0 0 0 0 0 0 0 0 0 0 0 0 0 0 0 0 0 0 0 0 0 0 0 0 0 0 0 0 0 0 0 0 0 0 0 0 0 0 0 0 0 0 0 0 0 0 0 0 0 0 0 0 0 0 0 0 0 0 0 0 0 0 0 0 0 0 0 0 0 0 0 0 0 0 0 0 0 0 0 0 0 0 0 0 0 0 0 0 0 0 0 0 0 0 0 0 0 0 0 0 0 0 0 0 0 0 0 0 0 0 0 0 0 0 0 0 0 0 
53.4247 -483.847 -1626.13 254.343 218.341 784.242 -665.424 -2240.66 645.8 142.054 648.786 -356.09 40.6135 -767.898 -1004.61 -1186.16 666.4 34.8962 0 0 0 0 0 0 0 0 0 0 0 0 0 0 0 0 0 0 0 0 0 0 0 0 0 0 0 0 0 0 0 0 0 0 0 0 0 0 0 0 0 0 0 0 0 0 0 0 0 0 0 0 0 0 0 0 0 0 0 0 0 0 0 0 0 0 0 0 0 0 0 0 0 0 0 0 0 0 0 0 0 0 0 0 0 0 0 0 0 0 0 0 0 0 0 0 0 0 0 0 0 0 0 0 0 0 0 0 0 0 0 0 0 0 0 0 0 0 0 0 0 0 0 0 0 0 0 0 0 0 0 0 0 0 0 0 0 0 0 0 0 0 0 0 0 0 0 0 0 0 0 0 0 0 0 0 0 0 0 0 0 0 0 0 0 0 0 0 0 0 0 0 0 0 0 0 0 0 0 0 0 0 0 0 0 0 0 0 0 0 0 0 0 0 0 0 0 0 0 0 0 0 0 0 0 0 0 0 0 0 0 0 0 0 0 0 0 0 0 0 0 0 0 0 0 0 0 0 0 0 0 0 0 0 0 0 0 0 0 0 0 0 0 0 0 0 0 0 0 0 0 0 0 0 0 0 0 0 0 0 0 0 0 0 0 0 0 0 0 0 0 0 0 0 0 0 0 0 0 0 0 0 0 0 0 0 0 0 0 0 0 0 0 0 0 0 0 0 0 0 0 0 0 0 0 0 0 0 0 0 0 0 0 0 0 0 0 0 0 0 0 0 0 0 0 0 0 0 0 0 0 0 0 0 0 0 0 0 0 0 0 0 0 0 0 0 0 0 0 0 0 0 0 0 0 0 0 0 0 0 0 0 0 0 0 0 0 0 0 0 0 0 0 0 0 0 0 0 0 0 0 0 0 0 0 0 0 0 0 0 0 0 0 0 0 0 0 0 0 0 0 0 0 0 0 0 0 0 0 0 0 0 0 0 0 0 0 0 0 0 0 0 0 0 0 0 0 0 0 0 0 0 0 0 0 0 0 0 0 0 0 0 0 0 0 0 0 0 0 0 0 0 0 0 0 0 0 0 0 0 0 0 0 0 0 0 0 0 0 0 0 0 0 0 0 0 0 0 0 0 0 0 0 0 0 0 0 0 0 0 0 0 0 0 
1.30327 -2175.37 620.623 105.167 -1770.86 -68.7429 3.49241 0 0 0 0 0 0 0 0 0 0 0 0 0 0 0 0 0 0 0 0 0 0 0 0 0 0 0 0 0 0 0 0 0 0 0 0 0 0 0 0 0 0 0 0 0 0 0 0 0 0 0 0 0 0 0 0 0 0 0 0 0 0 0 0 0 0 0 0 0 0 0 0 0 0 0 0 0 0 0 0 0 0 0 0 0 0 0 0 0 0 0 0 0 0 0 0 0 0 0 0 0 0 0 0 0 0 0 0 0 0 0 0 0 0 0 0 0 0 0 0 0 0 0 0 0 0 0 0 0 0 0 0 0 0 0 0 0 0 0 0 0 0 0 0 0 0 0 0 0 0 0 0 0 0 0 0 0 0 0 0 0 0 0 0 0 0 0 0 0 0 0 0 0 0 0 0 0 0 0 0 0 0 0 0 0 0 0 0 0 0 0 0 0 0 0 0 0 0 0 0 0 0 0 0 0 0 0 0 0 0 0 0 0 0 0 0 0 0 0 0 0 0 0 0 0 0 0 0 0 0 0 0 0 0 0 0 0 0 0 0 0 0 0 0 0 0 0 0 0 0 0 0 0 0 0 0 0 0 0 0 0 0 0 0 0 0 0 0 0 0 0 0 0 0 0 0 0 0 0 0 0 0 0 0 0 0 0 0 0 0 0 0 0 0 0 0 0 0 0 0 0 0 0 0 0 0 0 0 0 0 0 0 0 0 0 0 0 0 0 0 0 0 0 0 0 0 0 0 0 0 0 0 0 0 0 0 0 0 0 0 0 0 0 0 0 0 0 0 0 0 0 0 0 0 0 0 0 0 0 0 0 0 0 0 0 0 0 0 0 0 0 0 0 0 0 0 0 0 0 0 0 0 0 0 0 0 0 0 0 0 0 0 0 0 0 0 0 0 0 0 0 0 0 0 0 0 0 0 0 0 0 0 0 0 0 0 0 0 0 0 0 0 0 0 0 0 0 0 0 0 0 0 0 0 0 0 0 0 0 0 0 0 0 0 0 0 0 0 0 0 0 0 0 0 0 0 0 0 0 0 0 0 0 0 0 0 0 0 0 0 0 0 0 0 0 0 0 0 0 0 0 0 0 0 0 0 0 0 0 0 0 0 0 0 0 0 0 0 0 0 0 0 0 0 0 
-0.00959825 1938.2 220.541 -17.187 0 0 0 0 0 0 0 0 0 0 0 0 0 0 0 0 0 0 0 0 0 0 0 0 0 0 0 0 0 0 0 0 0 0 0 0 0 0 0 0 0 0 0 0 0 0 0 0 0 0 0 0 0 0 0 0 0 0 0 0 0 0 0 0 0 0 0 0 0 0 0 0 0 0 0 0 0 0 0 0 0 0 0 0 0 0 0 0 0 0 0 0 0 0 0 0 0 0 0 0 0 0 0 0 0 0 0 0 0 0 0 0 0 0 0 0 0 0 0 0 0 0 0 0 0 0 0 0 0 0 0 0 0 0 0 0 0 0 0 0 0 0 0 0 0 0 0 0 0 0 0 0 0 0 0 0 0 0 0 0 0 0 0 0 0 0 0 0 0 0 0 0 0 0 0 0 0 0 0 0 0 0 0 0 0 0 0 0 0 0 0 0 0 0 0 0 0 0 0 0 0 0 0 0 0 0 0 0 0 0 0 0 0 0 0 0 0 0 0 0 0 0 0 0 0 0 0 0 0 0 0 0 0 0 0 0 0 0 0 0 0 0 0 0 0 0 0 0 0 0 0 0 0 0 0 0 0 0 0 0 0 0 0 0 0 0 0 0 0 0 0 0 0 0 0 0 0 0 0 0 0 0 0 0 0 0 0 0 0 0 0 0 0 0 0 0 0 0 0 0 0 0 0 0 0 0 0 0 0 0 0 0 0 0 0 0 0 0 0 0 0 0 0 0 0 0 0 0 0 0 0 0 0 0 0 0 0 0 0 0 0 0 0 0 0 0 0 0 0 0 0 0 0 0 0 0 0 0 0 0 0 0 0 0 0 0 0 0 0 0 0 0 0 0 0 0 0 0 0 0 0 0 0 0 0 0 0 0 0 0 0 0 0 0 0 0 0 0 0 0 0 0 0 0 0 0 0 0 0 0 0 0 0 0 0 0 0 0 0 0 0 0 0 0 0 0 0 0 0 0 0 0 0 0 0 0 0 0 0 0 0 0 0 0 0 0 0 0 0 0 0 0 0 0 0 0 0 0 0 0 0 0 0 0 0 0 0 0 0 0 0 0 0 0 0 0 0 0 0 0 0 0 0 0 0 0 0 0 0 0 0 0 0 0 0 0 0 0 0 0 0 0 0 0 0 0 0 0 
INFO: [SIM 1] CSim done with 0 errors.
INFO: [SIM 3] *************** CSIM finish ***************
